[debug] [2023-03-19T06:05:28.016Z] ----------------------------------------------------------------------
[debug] [2023-03-19T06:05:28.018Z] Command:       C:\Program Files (x86)\nodejs\node.exe C:\Users\ander\AppData\Roaming\npm\node_modules\firebase-tools\lib\bin\firebase.js init
[debug] [2023-03-19T06:05:28.018Z] CLI Version:   11.21.0
[debug] [2023-03-19T06:05:28.018Z] Platform:      win32
[debug] [2023-03-19T06:05:28.019Z] Node Version:  v16.14.1
[debug] [2023-03-19T06:05:28.019Z] Time:          Sun Mar 19 2023 03:05:28 GMT-0300 (Horário Padrão de Brasília)
[debug] [2023-03-19T06:05:28.019Z] ----------------------------------------------------------------------
[debug] 
[debug] [2023-03-19T06:05:28.098Z] > command requires scopes: ["email","openid","https://www.googleapis.com/auth/cloudplatformprojects.readonly","https://www.googleapis.com/auth/firebase","https://www.googleapis.com/auth/cloud-platform"]
[debug] [2023-03-19T06:05:28.099Z] > authorizing via signed-in user (anderson.vianadias.vianadias@gmail.com)
[info] 
     ######## #### ########  ######## ########     ###     ######  ########
     ##        ##  ##     ## ##       ##     ##  ##   ##  ##       ##
     ######    ##  ########  ######   ########  #########  ######  ######
     ##        ##  ##    ##  ##       ##     ## ##     ##       ## ##
     ##       #### ##     ## ######## ########  ##     ##  ######  ########

You're about to initialize a Firebase project in this directory:

  C:\Users\ander\Documents\Programas\portifolio\frontent

Before we get started, keep in mind:

  * You are initializing within an existing Firebase project directory

[info] 
=== Project Setup
[info] 
[info] First, let's associate this project directory with a Firebase project.
[info] You can create multiple project aliases by running firebase use --add, 
[info] but for now we'll just set up a default project.
[info] 
[debug] [2023-03-19T06:05:31.083Z] Using project from CLI flag: portifolio-andersonvd-3769a
[debug] [2023-03-19T06:05:31.085Z] >>> [apiv2][query] GET https://firebase.googleapis.com/v1beta1/projects/portifolio-andersonvd-3769a [none]
[debug] [2023-03-19T06:05:31.527Z] <<< [apiv2][status] GET https://firebase.googleapis.com/v1beta1/projects/portifolio-andersonvd-3769a 200
[debug] [2023-03-19T06:05:31.527Z] <<< [apiv2][body] GET https://firebase.googleapis.com/v1beta1/projects/portifolio-andersonvd-3769a {"projectId":"portifolio-andersonvd-3769a","projectNumber":"652427439581","displayName":"portifolio-andersonvd","name":"projects/portifolio-andersonvd-3769a","resources":{"hostingSite":"portifolio-andersonvd-3769a"},"state":"ACTIVE","etag":"1_902c7326-65ad-41f1-9246-c5f47dfac029"}
[info] i  Using project portifolio-andersonvd-3769a (portifolio-andersonvd) 
[info] 
=== Hosting:github Setup
[info] 
[info] i  Detected a .git folder at C:\Users\ander\Documents\Programas\portifolio\frontent 
[info] i  Authorizing with GitHub to upload your service account to a GitHub repository's secrets store. 
[info] 
[info] Visit this URL on this device to log in:
[info] https://github.com/login/oauth/authorize?client_id=89cf50f02ac6aaed3484&state=232154567&redirect_uri=http%3A%2F%2Flocalhost%3A9005&scope=read%3Auser%20repo%20public_repo
[info] 
[info] Waiting for authentication...
[debug] [2023-03-19T06:05:58.148Z] >>> [apiv2][query] POST https://github.com/login/oauth/access_token [none]
[debug] [2023-03-19T06:05:58.149Z] >>> [apiv2][body] POST https://github.com/login/oauth/access_token [stream]
[debug] [2023-03-19T06:05:58.432Z] <<< [apiv2][status] POST https://github.com/login/oauth/access_token 200
[debug] [2023-03-19T06:05:58.432Z] <<< [apiv2][body] POST https://github.com/login/oauth/access_token {"access_token":"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","token_type":"bearer","scope":"read:user,repo"}
[debug] [2023-03-19T06:05:58.442Z] >>> [apiv2][query] GET https://api.github.com/user [none]
[debug] [2023-03-19T06:05:58.740Z] <<< [apiv2][status] GET https://api.github.com/user 200
[debug] [2023-03-19T06:05:58.740Z] <<< [apiv2][body] GET https://api.github.com/user {"login":"AndersonVD","id":53836494,"node_id":"MDQ6VXNlcjUzODM2NDk0","avatar_url":"https://avatars.githubusercontent.com/u/53836494?v=4","gravatar_id":"","url":"https://api.github.com/users/AndersonVD","html_url":"https://github.com/AndersonVD","followers_url":"https://api.github.com/users/AndersonVD/followers","following_url":"https://api.github.com/users/AndersonVD/following{/other_user}","gists_url":"https://api.github.com/users/AndersonVD/gists{/gist_id}","starred_url":"https://api.github.com/users/AndersonVD/starred{/owner}{/repo}","subscriptions_url":"https://api.github.com/users/AndersonVD/subscriptions","organizations_url":"https://api.github.com/users/AndersonVD/orgs","repos_url":"https://api.github.com/users/AndersonVD/repos","events_url":"https://api.github.com/users/AndersonVD/events{/privacy}","received_events_url":"https://api.github.com/users/AndersonVD/received_events","type":"User","site_admin":false,"name":"Anderson Viana","company":"Offer Technologies","blog":"","location":"Rio do Sul - SC","email":null,"hireable":null,"bio":"Python dev, aspirante em Flutter.","twitter_username":null,"public_repos":21,"public_gists":0,"followers":10,"following":15,"created_at":"2019-08-06T19:16:26Z","updated_at":"2023-03-07T12:52:16Z","private_gists":0,"total_private_repos":9,"owned_private_repos":9,"disk_usage":17957,"collaborators":1,"two_factor_authentication":false,"plan":{"name":"pro","space":976562499,"collaborators":0,"private_repos":9999}}
[info] 
[info] +  Success! Logged into GitHub as AndersonVD 
[info] 
[debug] [2023-03-19T06:06:12.428Z] >>> [apiv2][query] GET https://api.github.com/repos//actions/secrets/public-key type=owner
[debug] [2023-03-19T06:06:12.647Z] <<< [apiv2][status] GET https://api.github.com/repos//actions/secrets/public-key 404
[debug] [2023-03-19T06:06:12.647Z] <<< [apiv2][body] GET https://api.github.com/repos//actions/secrets/public-key {"message":"Not Found","documentation_url":"https://docs.github.com/rest"}
[debug] [2023-03-19T06:06:14.774Z] >>> [apiv2][query] GET https://api.github.com/repos/user/actions/secrets/public-key type=owner
[debug] [2023-03-19T06:06:15.001Z] <<< [apiv2][status] GET https://api.github.com/repos/user/actions/secrets/public-key 404
[debug] [2023-03-19T06:06:15.001Z] <<< [apiv2][body] GET https://api.github.com/repos/user/actions/secrets/public-key {"message":"Not Found","documentation_url":"https://docs.github.com/rest"}
[debug] [2023-03-19T06:06:18.490Z] >>> [apiv2][query] GET https://api.github.com/repos/user/re/actions/secrets/public-key type=owner
[debug] [2023-03-19T06:06:18.719Z] <<< [apiv2][status] GET https://api.github.com/repos/user/re/actions/secrets/public-key 404
[debug] [2023-03-19T06:06:18.720Z] <<< [apiv2][body] GET https://api.github.com/repos/user/re/actions/secrets/public-key {"message":"Not Found","documentation_url":"https://docs.github.com/rest/reference/actions#get-a-repository-public-key"}
[debug] [2023-03-19T06:06:21.455Z] >>> [apiv2][query] GET https://api.github.com/repos/user/repository/actions/secrets/public-key type=owner
[debug] [2023-03-19T06:06:21.673Z] <<< [apiv2][status] GET https://api.github.com/repos/user/repository/actions/secrets/public-key 404
[debug] [2023-03-19T06:06:21.673Z] <<< [apiv2][body] GET https://api.github.com/repos/user/repository/actions/secrets/public-key {"message":"Not Found","documentation_url":"https://docs.github.com/rest/reference/actions#get-a-repository-public-key"}
[debug] [2023-03-19T06:06:22.985Z] >>> [apiv2][query] GET https://api.github.com/repos/user/repository/actions/secrets/public-key type=owner
[debug] [2023-03-19T06:06:23.210Z] <<< [apiv2][status] GET https://api.github.com/repos/user/repository/actions/secrets/public-key 404
[debug] [2023-03-19T06:06:23.210Z] <<< [apiv2][body] GET https://api.github.com/repos/user/repository/actions/secrets/public-key {"message":"Not Found","documentation_url":"https://docs.github.com/rest/reference/actions#get-a-repository-public-key"}
[debug] [2023-03-19T06:06:23.247Z] >>> [apiv2][query] GET https://api.github.com/repos/user/repository/actions/secrets/public-key type=owner
[debug] [2023-03-19T06:06:23.472Z] <<< [apiv2][status] GET https://api.github.com/repos/user/repository/actions/secrets/public-key 404
[debug] [2023-03-19T06:06:23.472Z] <<< [apiv2][body] GET https://api.github.com/repos/user/repository/actions/secrets/public-key {"message":"Not Found","documentation_url":"https://docs.github.com/rest/reference/actions#get-a-repository-public-key"}
[debug] [2023-03-19T06:16:00.539Z] ----------------------------------------------------------------------
[debug] [2023-03-19T06:16:00.541Z] Command:       C:\Program Files (x86)\nodejs\node.exe C:\Users\ander\AppData\Roaming\npm\node_modules\firebase-tools\lib\bin\firebase.js init
[debug] [2023-03-19T06:16:00.541Z] CLI Version:   11.21.0
[debug] [2023-03-19T06:16:00.541Z] Platform:      win32
[debug] [2023-03-19T06:16:00.541Z] Node Version:  v16.14.1
[debug] [2023-03-19T06:16:00.542Z] Time:          Sun Mar 19 2023 03:16:00 GMT-0300 (Horário Padrão de Brasília)
[debug] [2023-03-19T06:16:00.542Z] ----------------------------------------------------------------------
[debug] 
[debug] [2023-03-19T06:16:00.598Z] > command requires scopes: ["email","openid","https://www.googleapis.com/auth/cloudplatformprojects.readonly","https://www.googleapis.com/auth/firebase","https://www.googleapis.com/auth/cloud-platform"]
[debug] [2023-03-19T06:16:00.599Z] > authorizing via signed-in user (anderson.vianadias.vianadias@gmail.com)
[info] 
     ######## #### ########  ######## ########     ###     ######  ########
     ##        ##  ##     ## ##       ##     ##  ##   ##  ##       ##
     ######    ##  ########  ######   ########  #########  ######  ######
     ##        ##  ##    ##  ##       ##     ## ##     ##       ## ##
     ##       #### ##     ## ######## ########  ##     ##  ######  ########

You're about to initialize a Firebase project in this directory:

  C:\Users\ander\Documents\Programas\portifolio\porti-front

Before we get started, keep in mind:

  * You are initializing within an existing Firebase project directory

